0 info it worked if it ends with ok
1 verbose cli [ '/usr/local/bin/node', '/usr/local/bin/npm', 'run', 'test' ]
2 info using npm@4.0.1
3 info using node@v6.9.1
4 verbose run-script [ 'pretest', 'test', 'posttest' ]
5 info lifecycle topsecret@1.0.0~pretest: topsecret@1.0.0
6 silly lifecycle topsecret@1.0.0~pretest: no script for pretest, continuing
7 info lifecycle topsecret@1.0.0~test: topsecret@1.0.0
8 verbose lifecycle topsecret@1.0.0~test: unsafe-perm in lifecycle true
9 verbose lifecycle topsecret@1.0.0~test: PATH: /usr/local/lib/node_modules/npm/bin/node-gyp-bin:/tmp/guest-gS3E0t/Desktop/Topsecret/node_modules/.bin:/usr/local/sbin:/usr/local/bin:/usr/sbin:/usr/bin:/sbin:/bin:/usr/games:/usr/local/games:/usr/lib/jvm/java-8-oracle/bin:/usr/lib/jvm/java-8-oracle/db/bin:/usr/lib/jvm/java-8-oracle/jre/bin:/usr/lib/jvm/java-8-oracle/bin:/usr/lib/jvm/java-8-oracle/db/bin:/usr/lib/jvm/java-8-oracle/jre/bin
10 verbose lifecycle topsecret@1.0.0~test: CWD: /tmp/guest-gS3E0t/Desktop/Topsecret
11 silly lifecycle topsecret@1.0.0~test: Args: [ '-c',
11 silly lifecycle   'set NODE_ENV=test&& npm run build && mocha dist/**/*.spec.js' ]
12 silly lifecycle topsecret@1.0.0~test: Returned: code: 6  signal: null
13 info lifecycle topsecret@1.0.0~test: Failed to exec test script
14 verbose stack Error: topsecret@1.0.0 test: `set NODE_ENV=test&& npm run build && mocha dist/**/*.spec.js`
14 verbose stack Exit status 6
14 verbose stack     at EventEmitter.<anonymous> (/usr/local/lib/node_modules/npm/lib/utils/lifecycle.js:279:16)
14 verbose stack     at emitTwo (events.js:106:13)
14 verbose stack     at EventEmitter.emit (events.js:191:7)
14 verbose stack     at ChildProcess.<anonymous> (/usr/local/lib/node_modules/npm/lib/utils/spawn.js:40:14)
14 verbose stack     at emitTwo (events.js:106:13)
14 verbose stack     at ChildProcess.emit (events.js:191:7)
14 verbose stack     at maybeClose (internal/child_process.js:877:16)
14 verbose stack     at Process.ChildProcess._handle.onexit (internal/child_process.js:226:5)
15 verbose pkgid topsecret@1.0.0
16 verbose cwd /tmp/guest-gS3E0t/Desktop/Topsecret
17 error Linux 4.2.0-42-generic
18 error argv "/usr/local/bin/node" "/usr/local/bin/npm" "run" "test"
19 error node v6.9.1
20 error npm  v4.0.1
21 error code ELIFECYCLE
22 error topsecret@1.0.0 test: `set NODE_ENV=test&& npm run build && mocha dist/**/*.spec.js`
22 error Exit status 6
23 error Failed at the topsecret@1.0.0 test script 'set NODE_ENV=test&& npm run build && mocha dist/**/*.spec.js'.
23 error Make sure you have the latest version of node.js and npm installed.
23 error If you do, this is most likely a problem with the topsecret package,
23 error not with npm itself.
23 error Tell the author that this fails on your system:
23 error     set NODE_ENV=test&& npm run build && mocha dist/**/*.spec.js
23 error You can get information on how to open an issue for this project with:
23 error     npm bugs topsecret
23 error Or if that isn't available, you can get their info via:
23 error     npm owner ls topsecret
23 error There is likely additional logging output above.
24 verbose exit [ 1, true ]
